pixpin-build/app/outputs/logs/manifest-merger-debug-report.txt
-- Merging decision tree log ---
activity#com.forge.pixpin.capture.ConsentActivity
INJECTED from src/main/AndroidManifest.xml:39:9-46:75
	android:excludeFromRecents
		ADDED from src/main/AndroidManifest.xml:42:13-46
	android:autoRemoveFromRecents
		ADDED from src/main/AndroidManifest.xml:43:13-49
	android:exported
		ADDED from src/main/AndroidManifest.xml:41:13-37
	android:theme
		ADDED from src/main/AndroidManifest.xml:46:13-72
	android:finishOnTaskLaunch
		ADDED from src/main/AndroidManifest.xml:44:13-46
	android:taskAffinity
		INJECTED from src/main/AndroidManifest.xml
		ADDED from src/main/AndroidManifest.xml:45:13-60
	android:name
		ADDED from src/main/AndroidManifest.xml:40:13-52
activity#com.forge.pixpin.clipboard.ClipboardPinActivity
INJECTED from src/main/AndroidManifest.xml:48:9-55:75
	android:excludeFromRecents
		ADDED from src/main/AndroidManifest.xml:51:13-46
	android:autoRemoveFromRecents
		ADDED from src/main/AndroidManifest.xml:52:13-49
	android:noHistory
		ADDED from src/main/AndroidManifest.xml:53:13-37
	android:exported
		ADDED from src/main/AndroidManifest.xml:50:13-37
	android:theme
		ADDED from src/main/AndroidManifest.xml:55:13-72
	android:taskAffinity
		INJECTED from src/main/AndroidManifest.xml
		ADDED from src/main/AndroidManifest.xml:54:13-62
	android:name
		ADDED from src/main/AndroidManifest.xml:49:13-59
activity#com.forge.pixpin.capture.CaptureActivity
INJECTED from src/main/AndroidManifest.xml:57:9-64:86
	android:excludeFromRecents
		ADDED from src/main/AndroidManifest.xml:60:13-46
	android:autoRemoveFromRecents
		ADDED from src/main/AndroidManifest.xml:61:13-49
	android:exported
		ADDED from src/main/AndroidManifest.xml:59:13-37
	android:configChanges
		ADDED from src/main/AndroidManifest.xml:63:13-106
	android:theme
		ADDED from src/main/AndroidManifest.xml:64:13-83
	android:taskAffinity
		INJECTED from src/main/AndroidManifest.xml
		ADDED from src/main/AndroidManifest.xml:62:13-60
	android:name
		ADDED from src/main/AndroidManifest.xml:58:13-52
activity#com.forge.pixpin.motor.DrawEditorActivity
INJECTED from src/main/AndroidManifest.xml:72:9-78:51
	android:windowSoftInputMode
		ADDED from src/main/AndroidManifest.xml:77:13-55
	android:exported
		ADDED from src/main/AndroidManifest.xml:74:13-37
	android:configChanges
		ADDED from src/main/AndroidManifest.xml:76:13-106
	android:theme
		ADDED from src/main/AndroidManifest.xml:78:13-48
	android:taskAffinity
		INJECTED from src/main/AndroidManifest.xml
		ADDED from src/main/AndroidManifest.xml:75:13-57
	android:name
		ADDED from src/main/AndroidManifest.xml:73:13-53
activity#com.forge.pixpin.clipboard.ShareReceiverActivity
INJECTED from src/main/AndroidManifest.xml:80:9-98:20
	android:excludeFromRecents
		ADDED from src/main/AndroidManifest.xml:83:13-46
	android:autoRemoveFromRecents
		ADDED from src/main/AndroidManifest.xml:84:13-49
	android:noHistory
		ADDED from src/main/AndroidManifest.xml:85:13-37
	android:exported
		ADDED from src/main/AndroidManifest.xml:82:13-36
	android:theme
		ADDED from src/main/AndroidManifest.xml:87:13-72
	android:taskAffinity
		INJECTED from src/main/AndroidManifest.xml
		ADDED from src/main/AndroidManifest.xml:86:13-58
	android:name
		ADDED from src/main/AndroidManifest.xml:81:13-60
provider#androidx.core.content.FileProvider
INJECTED from src/main/AndroidManifest.xml:100:9-108:20
	android:grantUriPermissions
		ADDED from src/main/AndroidManifest.xml:104:13-47
	android:authorities
		INJECTED from src/main/AndroidManifest.xml
		ADDED from src/main/AndroidManifest.xml:102:13-64
	android:exported
		ADDED from src/main/AndroidManifest.xml:103:13-37
	android:name
		ADDED from src/main/AndroidManifest.xml:101:13-62
manifest
ADDED from src/main/AndroidManifest.xml:2:1-140:12
INJECTED from src/main/AndroidManifest.xml:2:1-140:12
INJECTED from src/main/AndroidManifest.xml:2:1-140:12
INJECTED from src/main/AndroidManifest.xml:2:1-140:12
MERGED from [androidx.compose.material3:material3-android:1.4.0] AndroidManifest.xml:17:1-22:12
MERGED from [androidx.compose.material:material-android:1.10.4] AndroidManifest.xml:2:1-7:12
MERGED from [androidx.compose.animation:animation-core-android:1.10.4] AndroidManifest.xml:2:1-7:12
MERGED from [androidx.compose.material:material-ripple-android:1.10.4] AndroidManifest.xml:2:1-7:12
MERGED from [androidx.compose.ui:ui-tooling-data-android:1.10.4] AndroidManifest.xml:2:1-7:12
MERGED from [androidx.compose.ui:ui-unit-android:1.10.4] AndroidManifest.xml:2:1-7:12
MERGED from [androidx.compose.ui:ui-graphics-android:1.10.4] AndroidManifest.xml:2:1-7:12
MERGED from [androidx.compose.ui:ui-geometry-android:1.10.4] AndroidManifest.xml:2:1-7:12
MERGED from [androidx.compose.ui:ui-util-android:1.10.4] AndroidManifest.xml:2:1-7:12
MERGED from [androidx.compose.ui:ui-text-android:1.10.4] AndroidManifest.xml:2:1-7:12
MERGED from [androidx.compose.ui:ui-tooling-preview-android:1.10.4] AndroidManifest.xml:17:1-22:12
MERGED from [androidx.compose.ui:ui-tooling-android:1.10.4] AndroidManifest.xml:17:1-28:12
MERGED from [androidx.compose.animation:animation-android:1.10.4] AndroidManifest.xml:2:1-7:12
MERGED from [androidx.compose.foundation:foundation-layout-android:1.10.4] AndroidManifest.xml:2:1-7:12
MERGED from [androidx.compose.foundation:foundation-android:1.10.4] AndroidManifest.xml:2:1-7:12
MERGED from [androidx.compose.runtime:runtime-annotation-android:1.10.4] AndroidManifest.xml:2:1-7:12
MERGED from [androidx.compose.runtime:runtime-retain-android:1.10.4] AndroidManifest.xml:2:1-7:12
MERGED from [androidx.activity:activity:1.10.1] AndroidManifest.xml:17:1-22:12
MERGED from [androidx.autofill:autofill:1.0.0] AndroidManifest.xml:17:1-24:12
MERGED from [androidx.transition:transition:1.6.0] AndroidManifest.xml:2:1-7:12
MERGED from [androidx.window:window-core-android:1.5.0] AndroidManifest.xml:2:1-7:12
MERGED from [androidx.window:window:1.5.0] AndroidManifest.xml:17:1-31:12
MERGED from [androidx.dynamicanimation:dynamicanimation:1.0.0] AndroidManifest.xml:17:1-22:12
MERGED from [androidx.emoji2:emoji2:1.4.0] AndroidManifest.xml:17:1-35:12
MERGED from [androidx.graphics:graphics-path:1.0.1] AndroidManifest.xml:2:1-7:12
MERGED from [androidx.legacy:legacy-support-core-utils:1.0.0] AndroidManifest.xml:17:1-22:12
MERGED from [androidx.loader:loader:1.0.0] AndroidManifest.xml:17:1-22:12
MERGED from [androidx.core:core:1.16.0] AndroidManifest.xml:17:1-30:12
MERGED from [androidx.lifecycle:lifecycle-livedata-core-ktx:2.9.4] AndroidManifest.xml:2:1-7:12
MERGED from [androidx.lifecycle:lifecycle-livedata:2.9.4] AndroidManifest.xml:17:1-22:12
MERGED from [androidx.lifecycle:lifecycle-process:2.9.4] AndroidManifest.xml:17:1-35:12
MERGED from [androidx.lifecycle:lifecycle-livedata-core:2.9.4] AndroidManifest.xml:17:1-22:12
MERGED from [androidx.lifecycle:lifecycle-viewmodel:2.9.4] AndroidManifest.xml:2:1-5:12
MERGED from [androidx.lifecycle:lifecycle-viewmodel-android:2.9.4] AndroidManifest.xml:17:1-22:12
MERGED from [androidx.lifecycle:lifecycle-runtime-ktx-android:2.9.4] AndroidManifest.xml:2:1-7:12
MERGED from [androidx.lifecycle:lifecycle-runtime-android:2.9.4] AndroidManifest.xml:17:1-22:12
MERGED from [androidx.lifecycle:lifecycle-viewmodel-ktx:2.9.4] AndroidManifest.xml:2:1-7:12
MERGED from [androidx.lifecycle:lifecycle-viewmodel-savedstate-android:2.9.4] AndroidManifest.xml:17:1-22:12
MERGED from [androidx.savedstate:savedstate-android:1.3.2] AndroidManifest.xml:17:1-22:12
MERGED from [androidx.savedstate:savedstate-ktx:1.3.2] AndroidManifest.xml:2:1-7:12
MERGED from [androidx.savedstate:savedstate-compose-android:1.3.2] AndroidManifest.xml:2:1-7:12
MERGED from [androidx.compose.runtime:runtime-android:1.10.4] AndroidManifest.xml:2:1-7:12
MERGED from [androidx.compose.runtime:runtime-saveable-android:1.10.4] AndroidManifest.xml:2:1-7:12
MERGED from [androidx.lifecycle:lifecycle-runtime-compose-android:2.9.4] AndroidManifest.xml:2:1-7:12
MERGED from [androidx.lifecycle:lifecycle-viewmodel-compose-android:2.9.4] AndroidManifest.xml:2:1-7:12
MERGED from [androidx.compose.material:material-icons-extended-android:1.7.8] AndroidManifest.xml:2:1-7:12
MERGED from [androidx.compose.material:material-icons-core-android:1.7.8] AndroidManifest.xml:2:1-7:12
MERGED from [androidx.compose.ui:ui-android:1.10.4] AndroidManifest.xml:2:1-7:12
MERGED from [androidx.activity:activity-ktx:1.10.1] AndroidManifest.xml:2:1-7:12
MERGED from [androidx.activity:activity-compose:1.10.1] AndroidManifest.xml:2:1-7:12
MERGED from [androidx.customview:customview-poolingcontainer:1.0.0] AndroidManifest.xml:17:1-23:12
MERGED from [androidx.core:core-ktx:1.16.0] AndroidManifest.xml:2:1-7:12
MERGED from [androidx.datastore:datastore-core-android:1.2.0] AndroidManifest.xml:2:1-7:12
MERGED from [androidx.datastore:datastore-preferences-core-android:1.2.0] AndroidManifest.xml:2:1-7:12
MERGED from [androidx.datastore:datastore-android:1.2.0] AndroidManifest.xml:17:1-22:12
MERGED from [androidx.datastore:datastore-preferences-android:1.2.0] AndroidManifest.xml:17:1-22:12
MERGED from [androidx.annotation:annotation-experimental:1.4.1] AndroidManifest.xml:2:1-7:12
MERGED from [androidx.core:core-viewtree:1.0.0] AndroidManifest.xml:2:1-7:12
MERGED from [androidx.interpolator:interpolator:1.0.0] AndroidManifest.xml:17:1-22:12
MERGED from [androidx.profileinstaller:profileinstaller:1.4.0] AndroidManifest.xml:17:1-55:12
MERGED from [androidx.startup:startup-runtime:1.1.1] AndroidManifest.xml:17:1-33:12
MERGED from [androidx.tracing:tracing:1.2.0] AndroidManifest.xml:17:1-22:12
MERGED from [androidx.versionedparcelable:versionedparcelable:1.1.1] AndroidManifest.xml:17:1-27:12
MERGED from [androidx.arch.core:core-runtime:2.2.0] AndroidManifest.xml:17:1-22:12
MERGED from [androidx.documentfile:documentfile:1.0.0] AndroidManifest.xml:17:1-22:12
MERGED from [androidx.localbroadcastmanager:localbroadcastmanager:1.0.0] AndroidManifest.xml:17:1-22:12
MERGED from [androidx.print:print:1.0.0] AndroidManifest.xml:17:1-22:12
	package
		INJECTED from src/main/AndroidManifest.xml
	android:versionName
		INJECTED from src/main/AndroidManifest.xml
	android:versionCode
		INJECTED from src/main/AndroidManifest.xml
	xmlns:android
		ADDED from src/main/AndroidManifest.xml:2:11-69
uses-permission#android.permission.SYSTEM_ALERT_WINDOW
ADDED from src/main/AndroidManifest.xml:4:5-78
	android:name
		ADDED from src/main/AndroidManifest.xml:4:22-75
uses-permission#android.permission.FOREGROUND_SERVICE
ADDED from src/main/AndroidManifest.xml:5:5-77
	android:name
		ADDED from src/main/AndroidManifest.xml:5:22-74
uses-permission#android.permission.FOREGROUND_SERVICE_MEDIA_PROJECTION
ADDED from src/main/AndroidManifest.xml:6:5-94
	android:name
		ADDED from src/main/AndroidManifest.xml:6:22-91
uses-permission#android.permission.FOREGROUND_SERVICE_SPECIAL_USE
ADDED from src/main/AndroidManifest.xml:7:5-89
	android:name
		ADDED from src/main/AndroidManifest.xml:7:22-86
uses-permission#android.permission.POST_NOTIFICATIONS
ADDED from src/main/AndroidManifest.xml:8:5-77
	android:name
		ADDED from src/main/AndroidManifest.xml:8:22-74
uses-permission#android.permission.RECEIVE_BOOT_COMPLETED
ADDED from src/main/AndroidManifest.xml:9:5-81
	android:name
		ADDED from src/main/AndroidManifest.xml:9:22-78
application
ADDED from src/main/AndroidManifest.xml:11:5-138:19
INJECTED from src/main/AndroidManifest.xml:11:5-138:19
MERGED from [androidx.compose.ui:ui-tooling-android:1.10.4] AndroidManifest.xml:22:5-26:19
MERGED from [androidx.compose.ui:ui-tooling-android:1.10.4] AndroidManifest.xml:22:5-26:19
MERGED from [androidx.window:window:1.5.0] AndroidManifest.xml:22:5-29:19
MERGED from [androidx.window:window:1.5.0] AndroidManifest.xml:22:5-29:19
MERGED from [androidx.emoji2:emoji2:1.4.0] AndroidManifest.xml:23:5-33:19
MERGED from [androidx.emoji2:emoji2:1.4.0] AndroidManifest.xml:23:5-33:19
MERGED from [androidx.core:core:1.16.0] AndroidManifest.xml:28:5-89
MERGED from [androidx.core:core:1.16.0] AndroidManifest.xml:28:5-89
MERGED from [androidx.lifecycle:lifecycle-process:2.9.4] AndroidManifest.xml:23:5-33:19
MERGED from [androidx.lifecycle:lifecycle-process:2.9.4] AndroidManifest.xml:23:5-33:19
MERGED from [androidx.profileinstaller:profileinstaller:1.4.0] AndroidManifest.xml:23:5-53:19
MERGED from [androidx.profileinstaller:profileinstaller:1.4.0] AndroidManifest.xml:23:5-53:19
MERGED from [androidx.startup:startup-runtime:1.1.1] AndroidManifest.xml:25:5-31:19
MERGED from [androidx.startup:startup-runtime:1.1.1] AndroidManifest.xml:25:5-31:19
MERGED from [androidx.versionedparcelable:versionedparcelable:1.1.1] AndroidManifest.xml:24:5-25:19
MERGED from [androidx.versionedparcelable:versionedparcelable:1.1.1] AndroidManifest.xml:24:5-25:19
	android:extractNativeLibs
		INJECTED from src/main/AndroidManifest.xml
	android:appComponentFactory
		ADDED from [androidx.core:core:1.16.0] AndroidManifest.xml:28:18-86
	android:supportsRtl
		ADDED from src/main/AndroidManifest.xml:16:9-35
	android:label
		ADDED from src/main/AndroidManifest.xml:15:9-41
	android:icon
		ADDED from src/main/AndroidManifest.xml:14:9-43
	android:allowBackup
		ADDED from src/main/AndroidManifest.xml:13:9-35
	android:theme
		ADDED from src/main/AndroidManifest.xml:17:9-44
	android:name
		ADDED from src/main/AndroidManifest.xml:12:9-34
property#android.app.PROPERTY_SPECIAL_USE_FGS_SUBTYPE
ADDED from src/main/AndroidManifest.xml:19:9-21:84
	android:value
		ADDED from src/main/AndroidManifest.xml:21:13-81
	android:name
		ADDED from src/main/AndroidManifest.xml:20:13-72
activity#com.forge.pixpin.MainActivity
ADDED from src/main/AndroidManifest.xml:23:9-32:20
	android:launchMode
		ADDED from src/main/AndroidManifest.xml:27:13-44
	android:exported
		ADDED from src/main/AndroidManifest.xml:25:13-36
	android:configChanges
		ADDED from src/main/AndroidManifest.xml:26:13-106
	android:name
		ADDED from src/main/AndroidManifest.xml:24:13-41
intent-filter#action:name:android.intent.action.MAIN+category:name:android.intent.category.LAUNCHER
ADDED from src/main/AndroidManifest.xml:28:13-31:29
action#android.intent.action.MAIN
ADDED from src/main/AndroidManifest.xml:29:17-69
	android:name
		ADDED from src/main/AndroidManifest.xml:29:25-66
category#android.intent.category.LAUNCHER
ADDED from src/main/AndroidManifest.xml:30:17-77
	android:name
		ADDED from src/main/AndroidManifest.xml:30:27-74
service#com.forge.pixpin.floating.PinHostService
ADDED from src/main/AndroidManifest.xml:110:9-113:58
	android:exported
		ADDED from src/main/AndroidManifest.xml:112:13-37
	android:foregroundServiceType
		ADDED from src/main/AndroidManifest.xml:113:13-55
	android:name
		ADDED from src/main/AndroidManifest.xml:111:13-52
service#com.forge.pixpin.capture.CaptureService
ADDED from src/main/AndroidManifest.xml:115:9-118:63
	android:exported
		ADDED from src/main/AndroidManifest.xml:117:13-37
	android:foregroundServiceType
		ADDED from src/main/AndroidManifest.xml:118:13-60
	android:name
		ADDED from src/main/AndroidManifest.xml:116:13-51
service#com.forge.pixpin.floating.CaptureTileService
ADDED from src/main/AndroidManifest.xml:120:9-129:19
	android:label
		ADDED from src/main/AndroidManifest.xml:124:13-45
	android:exported
		ADDED from src/main/AndroidManifest.xml:122:13-36
	android:permission
		ADDED from src/main/AndroidManifest.xml:125:13-77
	android:icon
		ADDED from src/main/AndroidManifest.xml:123:13-60
	android:name
		ADDED from src/main/AndroidManifest.xml:121:13-56
intent-filter#action:name:android.service.quicksettings.action.QS_TILE
ADDED from src/main/AndroidManifest.xml:126:13-128:29
action#android.service.quicksettings.action.QS_TILE
ADDED from src/main/AndroidManifest.xml:127:17-87
	android:name
		ADDED from src/main/AndroidManifest.xml:127:25-84
receiver#com.forge.pixpin.pin.BootReceiver
ADDED from src/main/AndroidManifest.xml:131:9-137:20
	android:exported
		ADDED from src/main/AndroidManifest.xml:133:13-36
	android:name
		ADDED from src/main/AndroidManifest.xml:132:13-45
intent-filter#action:name:android.intent.action.BOOT_COMPLETED
ADDED from src/main/AndroidManifest.xml:134:13-136:29
action#android.intent.action.BOOT_COMPLETED
ADDED from src/main/AndroidManifest.xml:135:17-79
	android:name
		ADDED from src/main/AndroidManifest.xml:135:25-76
intent-filter#action:name:android.intent.action.SEND+category:name:android.intent.category.DEFAULT+data:mimeType:*/*
ADDED from src/main/AndroidManifest.xml:88:13-92:29
action#android.intent.action.SEND
ADDED from src/main/AndroidManifest.xml:89:17-69
	android:name
		ADDED from src/main/AndroidManifest.xml:89:25-66
category#android.intent.category.DEFAULT
ADDED from src/main/AndroidManifest.xml:90:17-76
	android:name
		ADDED from src/main/AndroidManifest.xml:90:27-73
data
ADDED from src/main/AndroidManifest.xml:91:17-48
	android:mimeType
		ADDED from src/main/AndroidManifest.xml:91:23-45
intent-filter#action:name:android.intent.action.SEND_MULTIPLE+category:name:android.intent.category.DEFAULT+data:mimeType:*/*
ADDED from src/main/AndroidManifest.xml:93:13-97:29
action#android.intent.action.SEND_MULTIPLE
ADDED from src/main/AndroidManifest.xml:94:17-78
	android:name
		ADDED from src/main/AndroidManifest.xml:94:25-75
meta-data#android.support.FILE_PROVIDER_PATHS
ADDED from src/main/AndroidManifest.xml:105:13-107:54
	android:resource
		ADDED from src/main/AndroidManifest.xml:107:17-51
	android:name
		ADDED from src/main/AndroidManifest.xml:106:17-67
uses-sdk
INJECTED from src/main/AndroidManifest.xml reason: use-sdk injection requested
INJECTED from src/main/AndroidManifest.xml
INJECTED from src/main/AndroidManifest.xml
MERGED from [androidx.compose.material3:material3-android:1.4.0] AndroidManifest.xml:20:5-44
MERGED from [androidx.compose.material3:material3-android:1.4.0] AndroidManifest.xml:20:5-44
MERGED from [androidx.compose.material:material-android:1.10.4] AndroidManifest.xml:5:5-44
MERGED from [androidx.compose.material:material-android:1.10.4] AndroidManifest.xml:5:5-44
MERGED from [androidx.compose.animation:animation-core-android:1.10.4] AndroidManifest.xml:5:5-44
MERGED from [androidx.compose.animation:animation-core-android:1.10.4] AndroidManifest.xml:5:5-44
MERGED from [androidx.compose.material:material-ripple-android:1.10.4] AndroidManifest.xml:5:5-44
MERGED from [androidx.compose.material:material-ripple-android:1.10.4] AndroidManifest.xml:5:5-44
MERGED from [androidx.compose.ui:ui-tooling-data-android:1.10.4] AndroidManifest.xml:5:5-44
MERGED from [androidx.compose.ui:ui-tooling-data-android:1.10.4] AndroidManifest.xml:5:5-44
MERGED from [androidx.compose.ui:ui-unit-android:1.10.4] AndroidManifest.xml:5:5-44
MERGED from [androidx.compose.ui:ui-unit-android:1.10.4] AndroidManifest.xml:5:5-44
MERGED from [androidx.compose.ui:ui-graphics-android:1.10.4] AndroidManifest.xml:5:5-44
MERGED from [androidx.compose.ui:ui-graphics-android:1.10.4] AndroidManifest.xml:5:5-44
MERGED from [androidx.compose.ui:ui-geometry-android:1.10.4] AndroidManifest.xml:5:5-44
MERGED from [androidx.compose.ui:ui-geometry-android:1.10.4] AndroidManifest.xml:5:5-44
MERGED from [androidx.compose.ui:ui-util-android:1.10.4] AndroidManifest.xml:5:5-44
MERGED from [androidx.compose.ui:ui-util-android:1.10.4] AndroidManifest.xml:5:5-44
MERGED from [androidx.compose.ui:ui-text-android:1.10.4] AndroidManifest.xml:5:5-44
MERGED from [androidx.compose.ui:ui-text-android:1.10.4] AndroidManifest.xml:5:5-44
MERGED from [androidx.compose.ui:ui-tooling-preview-android:1.10.4] AndroidManifest.xml:20:5-44
MERGED from [androidx.compose.ui:ui-tooling-preview-android:1.10.4] AndroidManifest.xml:20:5-44
MERGED from [androidx.compose.ui:ui-tooling-android:1.10.4] AndroidManifest.xml:20:5-44
MERGED from [androidx.compose.ui:ui-tooling-android:1.10.4] AndroidManifest.xml:20:5-44
MERGED from [androidx.compose.animation:animation-android:1.10.4] AndroidManifest.xml:5:5-44
MERGED from [androidx.compose.animation:animation-android:1.10.4] AndroidManifest.xml:5:5-44
MERGED from [androidx.compose.foundation:foundation-layout-android:1.10.4] AndroidManifest.xml:5:5-44
MERGED from [androidx.compose.foundation:foundation-layout-android:1.10.4] AndroidManifest.xml:5:5-44
MERGED from [androidx.compose.foundation:foundation-android:1.10.4] AndroidManifest.xml:5:5-44
MERGED from [androidx.compose.foundation:foundation-android:1.10.4] AndroidManifest.xml:5:5-44
MERGED from [androidx.compose.runtime:runtime-annotation-android:1.10.4] AndroidManifest.xml:5:5-44
MERGED from [androidx.compose.runtime:runtime-annotation-android:1.10.4] AndroidManifest.xml:5:5-44
MERGED from [androidx.compose.runtime:runtime-retain-android:1.10.4] AndroidManifest.xml:5:5-44
MERGED from [androidx.compose.runtime:runtime-retain-android:1.10.4] AndroidManifest.xml:5:5-44
MERGED from [androidx.activity:activity:1.10.1] AndroidManifest.xml:20:5-44
MERGED from [androidx.activity:activity:1.10.1] AndroidManifest.xml:20:5-44
MERGED from [androidx.autofill:autofill:1.0.0] AndroidManifest.xml:20:5-22:41
MERGED from [androidx.autofill:autofill:1.0.0] AndroidManifest.xml:20:5-22:41
MERGED from [androidx.transition:transition:1.6.0] AndroidManifest.xml:5:5-44
MERGED from [androidx.transition:transition:1.6.0] AndroidManifest.xml:5:5-44
MERGED from [androidx.window:window-core-android:1.5.0] AndroidManifest.xml:5:5-44
MERGED from [androidx.window:window-core-android:1.5.0] AndroidManifest.xml:5:5-44
MERGED from [androidx.window:window:1.5.0] AndroidManifest.xml:20:5-44
MERGED from [androidx.window:window:1.5.0] AndroidManifest.xml:20:5-44
MERGED from [androidx.dynamicanimation:dynamicanimation:1.0.0] AndroidManifest.xml:20:5-44
MERGED from [androidx.dynamicanimation:dynamicanimation:1.0.0] AndroidManifest.xml:20:5-44
MERGED from [androidx.emoji2:emoji2:1.4.0] AndroidManifest.xml:21:5-44
MERGED from [androidx.emoji2:emoji2:1.4.0] AndroidManifest.xml:21:5-44
MERGED from [androidx.graphics:graphics-path:1.0.1] AndroidManifest.xml:5:5-44
MERGED from [androidx.graphics:graphics-path:1.0.1] AndroidManifest.xml:5:5-44
MERGED from [androidx.legacy:legacy-support-core-utils:1.0.0] AndroidManifest.xml:20:5-44
MERGED from [androidx.legacy:legacy-support-core-utils:1.0.0] AndroidManifest.xml:20:5-44
MERGED from [androidx.loader:loader:1.0.0] AndroidManifest.xml:20:5-44
MERGED from [androidx.loader:loader:1.0.0] AndroidManifest.xml:20:5-44
MERGED from [androidx.core:core:1.16.0] AndroidManifest.xml:20:5-44
MERGED from [androidx.core:core:1.16.0] AndroidManifest.xml:20:5-44
MERGED from [androidx.lifecycle:lifecycle-livedata-core-ktx:2.9.4] AndroidManifest.xml:5:5-44
MERGED from [androidx.lifecycle:lifecycle-livedata-core-ktx:2.9.4] AndroidManifest.xml:5:5-44
MERGED from [androidx.lifecycle:lifecycle-livedata:2.9.4] AndroidManifest.xml:20:5-44
MERGED from [androidx.lifecycle:lifecycle-livedata:2.9.4] AndroidManifest.xml:20:5-44
MERGED from [androidx.lifecycle:lifecycle-process:2.9.4] AndroidManifest.xml:21:5-44
MERGED from [androidx.lifecycle:lifecycle-process:2.9.4] AndroidManifest.xml:21:5-44
MERGED from [androidx.lifecycle:lifecycle-livedata-core:2.9.4] AndroidManifest.xml:20:5-44
MERGED from [androidx.lifecycle:lifecycle-livedata-core:2.9.4] AndroidManifest.xml:20:5-44
MERGED from [androidx.lifecycle:lifecycle-viewmodel:2.9.4] AndroidManifest.xml:4:5-43
MERGED from [androidx.lifecycle:lifecycle-viewmodel:2.9.4] AndroidManifest.xml:4:5-43
MERGED from [androidx.lifecycle:lifecycle-viewmodel-android:2.9.4] AndroidManifest.xml:20:5-44
MERGED from [androidx.lifecycle:lifecycle-viewmodel-android:2.9.4] AndroidManifest.xml:20:5-44
MERGED from [androidx.lifecycle:lifecycle-runtime-ktx-android:2.9.4] AndroidManifest.xml:5:5-44
MERGED from [androidx.lifecycle:lifecycle-runtime-ktx-android:2.9.4] AndroidManifest.xml:5:5-44
MERGED from [androidx.lifecycle:lifecycle-runtime-android:2.9.4] AndroidManifest.xml:20:5-44
MERGED from [androidx.lifecycle:lifecycle-runtime-android:2.9.4] AndroidManifest.xml:20:5-44
MERGED from [androidx.lifecycle:lifecycle-viewmodel-ktx:2.9.4] AndroidManifest.xml:5:5-44
MERGED from [androidx.lifecycle:lifecycle-viewmodel-ktx:2.9.4] AndroidManifest.xml:5:5-44
MERGED from [androidx.lifecycle:lifecycle-viewmodel-savedstate-android:2.9.4] AndroidManifest.xml:20:5-44
MERGED from [androidx.lifecycle:lifecycle-viewmodel-savedstate-android:2.9.4] AndroidManifest.xml:20:5-44
MERGED from [androidx.savedstate:savedstate-android:1.3.2] AndroidManifest.xml:20:5-44
MERGED from [androidx.savedstate:savedstate-android:1.3.2] AndroidManifest.xml:20:5-44
MERGED from [androidx.savedstate:savedstate-ktx:1.3.2] AndroidManifest.xml:5:5-44
MERGED from [androidx.savedstate:savedstate-ktx:1.3.2] AndroidManifest.xml:5:5-44
MERGED from [androidx.savedstate:savedstate-compose-android:1.3.2] AndroidManifest.xml:5:5-44
MERGED from [androidx.savedstate:savedstate-compose-android:1.3.2] AndroidManifest.xml:5:5-44
MERGED from [androidx.compose.runtime:runtime-android:1.10.4] AndroidManifest.xml:5:5-44
MERGED from [androidx.compose.runtime:runtime-android:1.10.4] AndroidManifest.xml:5:5-44
MERGED from [androidx.compose.runtime:runtime-saveable-android:1.10.4] AndroidManifest.xml:5:5-44
MERGED from [androidx.compose.runtime:runtime-saveable-android:1.10.4] AndroidManifest.xml:5:5-44
MERGED from [androidx.lifecycle:lifecycle-runtime-compose-android:2.9.4] AndroidManifest.xml:5:5-44
MERGED from [androidx.lifecycle:lifecycle-runtime-compose-android:2.9.4] AndroidManifest.xml:5:5-44
MERGED from [androidx.lifecycle:lifecycle-viewmodel-compose-android:2.9.4] AndroidManifest.xml:5:5-44
MERGED from [androidx.lifecycle:lifecycle-viewmodel-compose-android:2.9.4] AndroidManifest.xml:5:5-44
MERGED from [androidx.compose.material:material-icons-extended-android:1.7.8] AndroidManifest.xml:5:5-44
MERGED from [androidx.compose.material:material-icons-extended-android:1.7.8] AndroidManifest.xml:5:5-44
MERGED from [androidx.compose.material:material-icons-core-android:1.7.8] AndroidManifest.xml:5:5-44
MERGED from [androidx.compose.material:material-icons-core-android:1.7.8] AndroidManifest.xml:5:5-44
MERGED from [androidx.compose.ui:ui-android:1.10.4] AndroidManifest.xml:5:5-44
MERGED from [androidx.compose.ui:ui-android:1.10.4] AndroidManifest.xml:5:5-44
MERGED from [androidx.activity:activity-ktx:1.10.1] AndroidManifest.xml:5:5-44
MERGED from [androidx.activity:activity-ktx:1.10.1] AndroidManifest.xml:5:5-44
MERGED from [androidx.activity:activity-compose:1.10.1] AndroidManifest.xml:5:5-44
MERGED from [androidx.activity:activity-compose:1.10.1] AndroidManifest.xml:5:5-44
MERGED from [androidx.customview:customview-poolingcontainer:1.0.0] AndroidManifest.xml:20:5-21:38
MERGED from [androidx.customview:customview-poolingcontainer:1.0.0] AndroidManifest.xml:20:5-21:38
MERGED from [androidx.core:core-ktx:1.16.0] AndroidManifest.xml:5:5-44
MERGED from [androidx.core:core-ktx:1.16.0] AndroidManifest.xml:5:5-44
MERGED from [androidx.datastore:datastore-core-android:1.2.0] AndroidManifest.xml:5:5-44
MERGED from [androidx.datastore:datastore-core-android:1.2.0] AndroidManifest.xml:5:5-44
MERGED from [androidx.datastore:datastore-preferences-core-android:1.2.0] AndroidManifest.xml:5:5-44
MERGED from [androidx.datastore:datastore-preferences-core-android:1.2.0] AndroidManifest.xml:5:5-44
MERGED from [androidx.datastore:datastore-android:1.2.0] AndroidManifest.xml:20:5-44
MERGED from [androidx.datastore:datastore-android:1.2.0] AndroidManifest.xml:20:5-44
MERGED from [androidx.datastore:datastore-preferences-android:1.2.0] AndroidManifest.xml:20:5-44
MERGED from [androidx.datastore:datastore-preferences-android:1.2.0] AndroidManifest.xml:20:5-44
MERGED from [androidx.annotation:annotation-experimental:1.4.1] AndroidManifest.xml:5:5-44
MERGED from [androidx.annotation:annotation-experimental:1.4.1] AndroidManifest.xml:5:5-44
MERGED from [androidx.core:core-viewtree:1.0.0] AndroidManifest.xml:5:5-44
MERGED from [androidx.core:core-viewtree:1.0.0] AndroidManifest.xml:5:5-44
MERGED from [androidx.interpolator:interpolator:1.0.0] AndroidManifest.xml:20:5-44
MERGED from [androidx.interpolator:interpolator:1.0.0] AndroidManifest.xml:20:5-44
MERGED from [androidx.profileinstaller:profileinstaller:1.4.0] AndroidManifest.xml:21:5-44
MERGED from [androidx.profileinstaller:profileinstaller:1.4.0] AndroidManifest.xml:21:5-44
MERGED from [androidx.startup:startup-runtime:1.1.1] AndroidManifest.xml:21:5-23:41
MERGED from [androidx.startup:startup-runtime:1.1.1] AndroidManifest.xml:21:5-23:41
MERGED from [androidx.tracing:tracing:1.2.0] AndroidManifest.xml:20:5-44
MERGED from [androidx.tracing:tracing:1.2.0] AndroidManifest.xml:20:5-44
MERGED from [androidx.versionedparcelable:versionedparcelable:1.1.1] AndroidManifest.xml:20:5-22:41
MERGED from [androidx.versionedparcelable:versionedparcelable:1.1.1] AndroidManifest.xml:20:5-22:41
MERGED from [androidx.arch.core:core-runtime:2.2.0] AndroidManifest.xml:20:5-44
MERGED from [androidx.arch.core:core-runtime:2.2.0] AndroidManifest.xml:20:5-44
MERGED from [androidx.documentfile:documentfile:1.0.0] AndroidManifest.xml:20:5-44
MERGED from [androidx.documentfile:documentfile:1.0.0] AndroidManifest.xml:20:5-44
MERGED from [androidx.localbroadcastmanager:localbroadcastmanager:1.0.0] AndroidManifest.xml:20:5-44
MERGED from [androidx.localbroadcastmanager:localbroadcastmanager:1.0.0] AndroidManifest.xml:20:5-44
MERGED from [androidx.print:print:1.0.0] AndroidManifest.xml:20:5-44
MERGED from [androidx.print:print:1.0.0] AndroidManifest.xml:20:5-44
	android:targetSdkVersion
		INJECTED from src/main/AndroidManifest.xml
	android:minSdkVersion
		INJECTED from src/main/AndroidManifest.xml
activity#androidx.compose.ui.tooling.PreviewActivity
ADDED from [androidx.compose.ui:ui-tooling-android:1.10.4] AndroidManifest.xml:23:9-25:39
	android:exported
		ADDED from [androidx.compose.ui:ui-tooling-android:1.10.4] AndroidManifest.xml:25:13-36
	android:name
		ADDED from [androidx.compose.ui:ui-tooling-android:1.10.4] AndroidManifest.xml:24:13-71
uses-library#androidx.window.extensions